Tue Oct 02 2018 16:20:52 GMT+0530 (India Standard Time): POST /api/add/category
Tue Oct 02 2018 16:21:31 GMT+0530 (India Standard Time): POST /api/add/category
Tue Oct 02 2018 16:21:57 GMT+0530 (India Standard Time): POST /api/add/category
Tue Oct 02 2018 16:24:33 GMT+0530 (India Standard Time): POST /api/add/category
Tue Oct 02 2018 17:07:56 GMT+0530 (India Standard Time): POST /api/add/category
Tue Oct 02 2018 17:10:33 GMT+0530 (India Standard Time): POST /api/add/category
Tue Oct 02 2018 17:18:00 GMT+0530 (India Standard Time): POST /api/add/category
Tue Oct 02 2018 17:18:38 GMT+0530 (India Standard Time): POST /api/add/category
Tue Oct 02 2018 17:21:44 GMT+0530 (India Standard Time): POST /api/add/category
Tue Oct 02 2018 17:22:41 GMT+0530 (India Standard Time): POST /api/add/category
Tue Oct 02 2018 17:22:55 GMT+0530 (India Standard Time): POST /api/add/category
Tue Oct 02 2018 17:24:24 GMT+0530 (India Standard Time): POST /api/add/category
Tue Oct 02 2018 18:03:52 GMT+0530 (India Standard Time): POST /api/add/category
Tue Oct 02 2018 18:04:22 GMT+0530 (India Standard Time): POST /api/add/category
Tue Oct 02 2018 18:06:20 GMT+0530 (India Standard Time): POST /api/add/category
Tue Oct 02 2018 18:13:05 GMT+0530 (India Standard Time): POST /api/add/category
Tue Oct 02 2018 18:30:27 GMT+0530 (India Standard Time): POST /api/add/category
Tue Oct 02 2018 18:30:51 GMT+0530 (India Standard Time): POST /api/add/category
Tue Oct 02 2018 18:31:24 GMT+0530 (India Standard Time): GET /api/get/categories
Wed Oct 03 2018 09:30:10 GMT+0530 (India Standard Time): POST /api/add/category
Wed Oct 03 2018 09:31:47 GMT+0530 (India Standard Time): POST /api/add/subcategory
Wed Oct 03 2018 09:32:37 GMT+0530 (India Standard Time): POST /api/add/subcategory
Wed Oct 03 2018 09:33:01 GMT+0530 (India Standard Time): GET /api/get/categories
Wed Oct 03 2018 09:33:38 GMT+0530 (India Standard Time): POST /api/add/category
Wed Oct 03 2018 09:33:59 GMT+0530 (India Standard Time): POST /api/add/subcategory
Wed Oct 03 2018 09:34:09 GMT+0530 (India Standard Time): POST /api/add/subcategory
Wed Oct 03 2018 09:34:14 GMT+0530 (India Standard Time): GET /api/get/categories
Wed Oct 03 2018 09:48:07 GMT+0530 (India Standard Time): GET /api/populate
Wed Oct 03 2018 09:48:25 GMT+0530 (India Standard Time): GET /api/populate
Wed Oct 03 2018 09:49:26 GMT+0530 (India Standard Time): GET /api/populate
Wed Oct 03 2018 09:49:54 GMT+0530 (India Standard Time): GET /api/populate
Wed Oct 03 2018 09:53:24 GMT+0530 (India Standard Time): POST /api/add/category
Wed Oct 03 2018 09:53:29 GMT+0530 (India Standard Time): POST /api/add/subcategory
Wed Oct 03 2018 09:53:47 GMT+0530 (India Standard Time): POST /api/add/subcategory
Wed Oct 03 2018 09:54:20 GMT+0530 (India Standard Time): POST /api/add/category
Wed Oct 03 2018 09:54:31 GMT+0530 (India Standard Time): POST /api/add/subcategory
Wed Oct 03 2018 09:55:13 GMT+0530 (India Standard Time): POST /api/add/subcategory
Wed Oct 03 2018 09:55:22 GMT+0530 (India Standard Time): GET /api/populate
Wed Oct 03 2018 09:55:38 GMT+0530 (India Standard Time): GET /api/populate
Wed Oct 03 2018 09:56:06 GMT+0530 (India Standard Time): GET /api/populate
Wed Oct 03 2018 09:56:56 GMT+0530 (India Standard Time): GET /api/populate
Wed Oct 03 2018 10:24:24 GMT+0530 (India Standard Time): GET /api/populate
Wed Oct 03 2018 10:26:48 GMT+0530 (India Standard Time): GET /api/populate
Wed Oct 03 2018 10:27:12 GMT+0530 (India Standard Time): GET /api/populate
Wed Oct 03 2018 10:27:36 GMT+0530 (India Standard Time): GET /api/populate
Wed Oct 03 2018 10:28:39 GMT+0530 (India Standard Time): GET /api/populate
Wed Oct 03 2018 10:28:49 GMT+0530 (India Standard Time): GET /api/populate
Wed Oct 03 2018 10:29:13 GMT+0530 (India Standard Time): POST /api/add/category
Wed Oct 03 2018 10:29:16 GMT+0530 (India Standard Time): GET /api/populate
Wed Oct 03 2018 10:30:23 GMT+0530 (India Standard Time): POST /api/add/subcategory
Wed Oct 03 2018 10:30:45 GMT+0530 (India Standard Time): POST /api/add/subcategory
Wed Oct 03 2018 10:30:58 GMT+0530 (India Standard Time): POST /api/add/subcategory
Wed Oct 03 2018 10:31:03 GMT+0530 (India Standard Time): GET /api/populate
Wed Oct 03 2018 10:47:27 GMT+0530 (India Standard Time): POST /api/add/product
Wed Oct 03 2018 10:47:49 GMT+0530 (India Standard Time): POST /api/add/product
Wed Oct 03 2018 10:47:58 GMT+0530 (India Standard Time): GET /api/populate
Wed Oct 03 2018 10:52:10 GMT+0530 (India Standard Time): GET /api/populate/2
Wed Oct 03 2018 10:53:47 GMT+0530 (India Standard Time): GET /api/populate/3
Wed Oct 03 2018 11:01:44 GMT+0530 (India Standard Time): GET /api/populate/2
Wed Oct 03 2018 11:13:37 GMT+0530 (India Standard Time): GET /api/populate/3
Wed Oct 03 2018 11:13:53 GMT+0530 (India Standard Time): GET /api/populate/3
Wed Oct 03 2018 11:14:08 GMT+0530 (India Standard Time): GET /api/populate/3
Wed Oct 03 2018 11:14:28 GMT+0530 (India Standard Time): GET /api/populate/3
Wed Oct 03 2018 11:15:01 GMT+0530 (India Standard Time): GET /api/populate/3
Wed Oct 03 2018 11:16:11 GMT+0530 (India Standard Time): GET /api/populate/3
Wed Oct 03 2018 11:18:31 GMT+0530 (India Standard Time): GET /api/populate/3
Wed Oct 03 2018 11:18:50 GMT+0530 (India Standard Time): GET /api/populate/3
Wed Oct 03 2018 17:11:19 GMT+0530 (India Standard Time): GET /api/populate/3
Wed Oct 03 2018 17:15:20 GMT+0530 (India Standard Time): GET /api/populate/3
Wed Oct 03 2018 17:23:21 GMT+0530 (India Standard Time): GET /api/populate/3
Wed Oct 03 2018 17:31:20 GMT+0530 (India Standard Time): GET /api/populate/3
Wed Oct 03 2018 17:32:21 GMT+0530 (India Standard Time): GET /api/populate/3
Wed Oct 03 2018 17:32:37 GMT+0530 (India Standard Time): GET /api/populate/3
Wed Oct 03 2018 17:33:33 GMT+0530 (India Standard Time): GET /api/populate/3
Wed Oct 03 2018 17:34:04 GMT+0530 (India Standard Time): GET /api/populate/3
Wed Oct 03 2018 17:34:32 GMT+0530 (India Standard Time): GET /api/populate/3
Wed Oct 03 2018 17:34:34 GMT+0530 (India Standard Time): GET /api/populate/3
Wed Oct 03 2018 17:34:45 GMT+0530 (India Standard Time): GET /api/populate/3
Wed Oct 03 2018 17:34:59 GMT+0530 (India Standard Time): GET /api/populate/3
Wed Oct 03 2018 17:35:04 GMT+0530 (India Standard Time): GET /api/populate/3
Wed Oct 03 2018 17:37:38 GMT+0530 (India Standard Time): GET /api/populate/3
Wed Oct 03 2018 17:38:42 GMT+0530 (India Standard Time): GET /api/populate/3
Wed Oct 03 2018 17:48:45 GMT+0530 (India Standard Time): GET /api/populate/3
Wed Oct 03 2018 18:37:08 GMT+0530 (India Standard Time): GET /api/get/categories
Wed Oct 03 2018 18:37:08 GMT+0530 (India Standard Time): GET /api/get/carousel
Wed Oct 03 2018 18:37:08 GMT+0530 (India Standard Time): GET /auth/current_user
Wed Oct 03 2018 18:37:36 GMT+0530 (India Standard Time): GET /auth/current_user
Wed Oct 03 2018 20:31:14 GMT+0530 (India Standard Time): GET /api/get/categories/5bb44ca1166c661ff4bf9615
Wed Oct 03 2018 20:31:17 GMT+0530 (India Standard Time): GET /api/get/categories/5bb444743242573a00f1cc02
Wed Oct 03 2018 20:43:00 GMT+0530 (India Standard Time): GET /api/populate/1
Wed Oct 03 2018 20:47:03 GMT+0530 (India Standard Time): POST /api/add/category
Wed Oct 03 2018 20:47:28 GMT+0530 (India Standard Time): POST /api/add/subcategory
Wed Oct 03 2018 20:47:37 GMT+0530 (India Standard Time): POST /api/add/subcategory
Wed Oct 03 2018 20:49:08 GMT+0530 (India Standard Time): GET /api/populate/1
Wed Oct 03 2018 20:49:40 GMT+0530 (India Standard Time): POST /api/add/product
Wed Oct 03 2018 20:49:45 GMT+0530 (India Standard Time): GET /api/populate/1
Wed Oct 03 2018 20:49:50 GMT+0530 (India Standard Time): GET /api/populate/3
Wed Oct 03 2018 20:50:20 GMT+0530 (India Standard Time): GET /api/populate/3
Wed Oct 03 2018 20:50:34 GMT+0530 (India Standard Time): GET /api/populate/3
